<?xml version="1.0" encoding="UTF-8"?>
<testsuite xmlns:xsi="http://www.w3.org/2001/XMLSchema-instance" xsi:noNamespaceSchemaLocation="https://maven.apache.org/surefire/maven-surefire-plugin/xsd/surefire-test-report-3.0.xsd" version="3.0" name="Services.ProductsValidationTest" time="0.009" tests="4" errors="0" skipped="0" failures="0">
  <properties>
[...]
</properties>
  <testcase name="testValidProductCreation" classname="Services.ProductsValidationTest" time="0.002"/>
  <testcase name="testInvalidPriceThrowsException" classname="Services.ProductsValidationTest" time="0.0"/>
  <testcase name="testInvalidQuantityThrowsException" classname="Services.ProductsValidationTest" time="0.0"/>
  <testcase name="testInvalidNameThrowsExceptionEmpty" classname="Services.ProductsValidationTest" time="0.003"/>
</testsuite>